<?xml version="1.0" encoding="UTF-8"?>
<!-- Generated by org.testng.reporters.JUnitReportReporter -->
<testsuite skipped="0" hostname="DESKTOP-598O4S4" name="com.orangehrmlive.demo.testsuite.LoginPageTest" tests="1" failures="0" timestamp="2022-12-11T14:09:20 GMT" time="6.403" errors="0">
  <testcase name="userSholdLoginSuccessfullyWithValidCredentials" time="6.403" classname="com.orangehrmlive.demo.testsuite.LoginPageTest"/>
  <system-out>
    <![CDATA[Enter username  Adminto username [[ChromeDriver: chrome on WINDOWS (a86dc78e8645b63bce87c9cddbd72a7b)] -> name: username]
Enter password  admin123to username [[ChromeDriver: chrome on WINDOWS (a86dc78e8645b63bce87c9cddbd72a7b)] -> name: password]
click on login [[ChromeDriver: chrome on WINDOWS (a86dc78e8645b63bce87c9cddbd72a7b)] -> xpath: //button[@type='submit']]
Massage is verify [[ChromeDriver: chrome on WINDOWS (a86dc78e8645b63bce87c9cddbd72a7b)] -> xpath: //header/div[1]/div[1]/span[1]/h6[1]]]]>
  </system-out>
</testsuite> <!-- com.orangehrmlive.demo.testsuite.LoginPageTest -->
